{
  "RSpec": {
    "coverage": {
      "/Users/leonlinton/Desktop/Projects/bank-tech-test/spec/account_spec.rb": [
        null,
        null,
        1,
        null,
        1,
        5,
        null,
        1,
        1,
        1,
        null,
        null,
        1,
        1,
        1,
        null,
        null,
        1,
        1,
        1,
        1,
        null,
        null,
        1,
        1,
        1,
        1,
        1,
        1,
        null,
        null,
        null,
        null,
        null,
        null,
        null,
        null,
        null,
        null,
        null,
        null
      ],
      "/Users/leonlinton/Desktop/Projects/bank-tech-test/lib/account.rb": [
        1,
        1,
        null,
        1,
        4,
        4,
        null,
        null,
        1,
        4,
        4,
        null,
        null,
        1,
        4,
        4,
        null,
        null,
        1,
        1,
        1,
        null,
        null,
        1,
        16,
        null,
        null,
        null,
        null
      ]
    },
    "timestamp": 1564407867
  }
}
